<?xml version="1.0" encoding="UTF-8"?>
<!-- Generated by org.testng.reporters.JUnitReportReporter -->
<testsuite skipped="0" hostname="DESKTOP-0F8J9IN" name="testcases.TC006VerifyOnlineStatementDownload" tests="2" failures="0" timestamp="26 Sep 2020 13:12:51 GMT" time="13.949" errors="0">
  <testcase name="verifyOnlineStatementDownload" time="6.830" classname="testcases.TC006VerifyOnlineStatementDownload"/>
  <testcase name="verifyOnlineStatementDownload" time="7.119" classname="testcases.TC006VerifyOnlineStatementDownload"/>
</testsuite> <!-- testcases.TC006VerifyOnlineStatementDownload -->
