<?xml version="1.0" encoding="UTF-8"?>
<!-- Generated by org.testng.reporters.JUnitReportReporter -->
<testsuite hostname="DESKTOP-0F8J9IN" failures="0" tests="1" name="testcases.TC001VerifyLogin" time="1.398" errors="0" timestamp="11 Sep. 2020 22:57:13 GMT" skipped="0">
  <testcase classname="testcases.TC001VerifyLogin" name="verifyLogin" time="1.398"/>
</testsuite> <!-- testcases.TC001VerifyLogin -->
