<?xml version="1.0" encoding="UTF-8"?>
<!-- Generated by org.testng.reporters.JUnitReportReporter -->
<testsuite skipped="0" hostname="DESKTOP-0F8J9IN" name="testcases.TC003VerifyTransferFunds" tests="3" failures="0" timestamp="26 Sep 2020 12:49:13 GMT" time="7.007" errors="0">
  <testcase name="verifyTransferFunds" time="2.414" classname="testcases.TC003VerifyTransferFunds"/>
  <testcase name="verifyTransferFunds" time="2.619" classname="testcases.TC003VerifyTransferFunds"/>
  <testcase name="verifyTransferFunds" time="1.974" classname="testcases.TC003VerifyTransferFunds"/>
</testsuite> <!-- testcases.TC003VerifyTransferFunds -->
