<?xml version="1.0" encoding="UTF-8"?>
<!-- Generated by org.testng.reporters.JUnitReportReporter -->
<testsuite skipped="0" hostname="DESKTOP-0F8J9IN" name="testcases.TC004VerifyPaySavedPayee" tests="2" failures="0" timestamp="26 Sep 2020 12:49:13 GMT" time="5.139" errors="0">
  <testcase name="verifyPaySavedPayee" time="2.330" classname="testcases.TC004VerifyPaySavedPayee"/>
  <testcase name="verifyPaySavedPayee" time="2.809" classname="testcases.TC004VerifyPaySavedPayee"/>
</testsuite> <!-- testcases.TC004VerifyPaySavedPayee -->
