<?xml version="1.0" encoding="UTF-8"?>
<!-- Generated by org.testng.reporters.JUnitReportReporter -->
<testsuite skipped="0" hostname="DESKTOP-0F8J9IN" name="testcases.TC001VerifyLogin" tests="1" failures="0" timestamp="16 Sep 2020 16:09:45 GMT" time="1.190" errors="0">
  <testcase name="verifyLogin" time="1.190" classname="testcases.TC001VerifyLogin"/>
</testsuite> <!-- testcases.TC001VerifyLogin -->
