<?xml version="1.0" encoding="UTF-8"?>
<!-- Generated by org.testng.reporters.JUnitReportReporter -->
<testsuite skipped="0" hostname="DESKTOP-0F8J9IN" name="testcases.TC004VerifyAddNewPayee" tests="2" failures="0" timestamp="24 Sep 2020 04:39:24 GMT" time="5.633" errors="0">
  <testcase name="verifyAddNewPayee" time="2.439" classname="testcases.TC004VerifyAddNewPayee"/>
  <testcase name="verifyAddNewPayee" time="3.194" classname="testcases.TC004VerifyAddNewPayee"/>
</testsuite> <!-- testcases.TC004VerifyAddNewPayee -->
