<?xml version="1.0" encoding="UTF-8"?>
<!-- Generated by org.testng.reporters.JUnitReportReporter -->
<testsuite skipped="0" hostname="DESKTOP-0F8J9IN" name="testcases.TC003VerifyTransferFunds" tests="3" failures="0" timestamp="22 Sep 2020 04:57:17 GMT" time="8.781" errors="0">
  <testcase name="verifyTransferFunds" time="2.979" classname="testcases.TC003VerifyTransferFunds"/>
  <testcase name="verifyTransferFunds" time="3.125" classname="testcases.TC003VerifyTransferFunds"/>
  <testcase name="verifyTransferFunds" time="2.677" classname="testcases.TC003VerifyTransferFunds"/>
</testsuite> <!-- testcases.TC003VerifyTransferFunds -->
