<?xml version="1.0" encoding="UTF-8"?>
<!-- Generated by org.testng.reporters.JUnitReportReporter -->
<testsuite skipped="0" hostname="DESKTOP-0F8J9IN" name="testcases.TC002VerifyAddPayee" tests="3" failures="0" timestamp="26 Sep 2020 12:49:13 GMT" time="6.936" errors="0">
  <testcase name="verifyAddPayee" time="2.623" classname="testcases.TC002VerifyAddPayee"/>
  <testcase name="verifyAddPayee" time="2.181" classname="testcases.TC002VerifyAddPayee"/>
  <testcase name="verifyAddPayee" time="2.132" classname="testcases.TC002VerifyAddPayee"/>
</testsuite> <!-- testcases.TC002VerifyAddPayee -->
