<?xml version="1.0" encoding="UTF-8"?>
<!-- Generated by org.testng.reporters.JUnitReportReporter -->
<testsuite skipped="0" hostname="DESKTOP-0F8J9IN" name="testcases.TC002VerifyAddPayee" tests="3" failures="0" timestamp="23 Sep 2020 19:13:12 GMT" time="6.612" errors="0">
  <testcase name="verifyAddPayee" time="1.980" classname="testcases.TC002VerifyAddPayee"/>
  <testcase name="verifyAddPayee" time="1.973" classname="testcases.TC002VerifyAddPayee"/>
  <testcase name="verifyAddPayee" time="2.659" classname="testcases.TC002VerifyAddPayee"/>
</testsuite> <!-- testcases.TC002VerifyAddPayee -->
