<?xml version="1.0" encoding="UTF-8"?>
<!-- Generated by org.testng.reporters.JUnitReportReporter -->
<testsuite skipped="0" hostname="DESKTOP-0F8J9IN" name="testcases.TC005VerifyPurchaseForeignCurrency" tests="2" failures="0" timestamp="26 Sep 2020 12:49:13 GMT" time="5.046" errors="0">
  <testcase name="verifyPurchaseForeignCurrencyData" time="2.575" classname="testcases.TC005VerifyPurchaseForeignCurrency"/>
  <testcase name="verifyPurchaseForeignCurrencyData" time="2.471" classname="testcases.TC005VerifyPurchaseForeignCurrency"/>
</testsuite> <!-- testcases.TC005VerifyPurchaseForeignCurrency -->
