<?xml version="1.0" encoding="UTF-8"?>
<!-- Generated by org.testng.reporters.JUnitReportReporter -->
<testsuite skipped="0" hostname="DESKTOP-0F8J9IN" name="testcases.TC002VerifyAddPayee" tests="3" failures="0" timestamp="22 Sep 2020 03:48:38 GMT" time="6.913" errors="0">
  <testcase name="verifyAddPayee" time="2.042" classname="testcases.TC002VerifyAddPayee"/>
  <testcase name="verifyAddPayee" time="2.862" classname="testcases.TC002VerifyAddPayee"/>
  <testcase name="verifyAddPayee" time="2.009" classname="testcases.TC002VerifyAddPayee"/>
</testsuite> <!-- testcases.TC002VerifyAddPayee -->
