<?xml version="1.0" encoding="UTF-8"?>
<!-- Generated by org.testng.reporters.JUnitReportReporter -->
<testsuite skipped="0" hostname="DESKTOP-0F8J9IN" name="testcases.TC002VerifyAddPayee" tests="3" failures="0" timestamp="24 Sep 2020 02:25:00 GMT" time="7.541" errors="0">
  <testcase name="verifyAddPayee" time="2.242" classname="testcases.TC002VerifyAddPayee"/>
  <testcase name="verifyAddPayee" time="2.860" classname="testcases.TC002VerifyAddPayee"/>
  <testcase name="verifyAddPayee" time="2.439" classname="testcases.TC002VerifyAddPayee"/>
</testsuite> <!-- testcases.TC002VerifyAddPayee -->
