<?xml version="1.0" encoding="UTF-8"?>
<!-- Generated by org.testng.reporters.JUnitReportReporter -->
<testsuite skipped="0" hostname="DESKTOP-0F8J9IN" name="testcases.TC001VerifyLogin" tests="1" failures="0" timestamp="24 Sep 2020 05:03:55 GMT" time="1.640" errors="0">
  <testcase name="verifyLogin" time="1.640" classname="testcases.TC001VerifyLogin"/>
</testsuite> <!-- testcases.TC001VerifyLogin -->
