<?xml version="1.0" encoding="UTF-8"?>
<!-- Generated by org.testng.reporters.JUnitReportReporter -->
<testsuite skipped="0" hostname="DESKTOP-0F8J9IN" name="testcases.TC004VerifyPaySavedPayee" tests="2" failures="0" timestamp="24 Sep 2020 05:03:55 GMT" time="6.343" errors="0">
  <testcase name="verifyPaySavedPayee" time="3.073" classname="testcases.TC004VerifyPaySavedPayee"/>
  <testcase name="verifyPaySavedPayee" time="3.270" classname="testcases.TC004VerifyPaySavedPayee"/>
</testsuite> <!-- testcases.TC004VerifyPaySavedPayee -->
