<?xml version="1.0" encoding="UTF-8"?>
<!-- Generated by org.testng.reporters.JUnitReportReporter -->
<testsuite skipped="0" hostname="DESKTOP-0F8J9IN" name="testcases.TC003VerifyTransferFunds" tests="3" failures="0" timestamp="24 Sep 2020 05:03:55 GMT" time="8.202" errors="0">
  <testcase name="verifyTransferFunds" time="3.753" classname="testcases.TC003VerifyTransferFunds"/>
  <testcase name="verifyTransferFunds" time="2.361" classname="testcases.TC003VerifyTransferFunds"/>
  <testcase name="verifyTransferFunds" time="2.088" classname="testcases.TC003VerifyTransferFunds"/>
</testsuite> <!-- testcases.TC003VerifyTransferFunds -->
