<?xml version="1.0" encoding="UTF-8"?>
<!-- Generated by org.testng.reporters.JUnitReportReporter -->
<testsuite skipped="0" hostname="DESKTOP-0F8J9IN" name="testcases.TC003VerifyTransferFunds" tests="3" failures="0" timestamp="26 Sep 2020 03:12:33 GMT" time="8.270" errors="0">
  <testcase name="verifyTransferFunds" time="2.441" classname="testcases.TC003VerifyTransferFunds"/>
  <testcase name="verifyTransferFunds" time="2.639" classname="testcases.TC003VerifyTransferFunds"/>
  <testcase name="verifyTransferFunds" time="3.190" classname="testcases.TC003VerifyTransferFunds"/>
</testsuite> <!-- testcases.TC003VerifyTransferFunds -->
