<?xml version="1.0" encoding="UTF-8"?>
<!-- Generated by org.testng.reporters.JUnitReportReporter -->
<testsuite skipped="0" hostname="DESKTOP-0F8J9IN" name="testcases.TC003VerifyTransferFunds" tests="3" failures="0" timestamp="23 Sep 2020 18:18:15 GMT" time="7.140" errors="0">
  <testcase name="verifyTransferFunds" time="2.857" classname="testcases.TC003VerifyTransferFunds"/>
  <testcase name="verifyTransferFunds" time="2.115" classname="testcases.TC003VerifyTransferFunds"/>
  <testcase name="verifyTransferFunds" time="2.168" classname="testcases.TC003VerifyTransferFunds"/>
</testsuite> <!-- testcases.TC003VerifyTransferFunds -->
