<?xml version="1.0" encoding="UTF-8"?>
<!-- Generated by org.testng.reporters.JUnitReportReporter -->
<testsuite skipped="0" hostname="DESKTOP-0F8J9IN" name="testcases.TC002VerifyAddPayee" tests="3" failures="0" timestamp="26 Sep 2020 03:12:33 GMT" time="8.554" errors="0">
  <testcase name="verifyAddPayee" time="2.649" classname="testcases.TC002VerifyAddPayee"/>
  <testcase name="verifyAddPayee" time="3.226" classname="testcases.TC002VerifyAddPayee"/>
  <testcase name="verifyAddPayee" time="2.679" classname="testcases.TC002VerifyAddPayee"/>
</testsuite> <!-- testcases.TC002VerifyAddPayee -->
