<?xml version="1.0" encoding="UTF-8"?>
<!-- Generated by org.testng.reporters.JUnitReportReporter -->
<testsuite skipped="0" hostname="DESKTOP-0F8J9IN" name="testcases.TC005VerifyPurchaseForeignCurrency" tests="2" failures="0" timestamp="26 Sep 2020 03:12:33 GMT" time="5.794" errors="0">
  <testcase name="verifyPurchaseForeignCurrencyData" time="2.596" classname="testcases.TC005VerifyPurchaseForeignCurrency"/>
  <testcase name="verifyPurchaseForeignCurrencyData" time="3.198" classname="testcases.TC005VerifyPurchaseForeignCurrency"/>
</testsuite> <!-- testcases.TC005VerifyPurchaseForeignCurrency -->
