<?xml version="1.0" encoding="UTF-8"?>
<!-- Generated by org.testng.reporters.JUnitReportReporter -->
<testsuite skipped="0" hostname="DESKTOP-0F8J9IN" name="testcases.TC004VerifyPaySavedPayee" tests="2" failures="0" timestamp="26 Sep 2020 03:12:33 GMT" time="5.803" errors="0">
  <testcase name="verifyPaySavedPayee" time="2.654" classname="testcases.TC004VerifyPaySavedPayee"/>
  <testcase name="verifyPaySavedPayee" time="3.149" classname="testcases.TC004VerifyPaySavedPayee"/>
</testsuite> <!-- testcases.TC004VerifyPaySavedPayee -->
