<?xml version="1.0" encoding="UTF-8"?>
<!-- Generated by org.testng.reporters.JUnitReportReporter -->
<testsuite skipped="0" hostname="DESKTOP-0F8J9IN" name="testcases.TC002VerifyAddPayee" tests="3" failures="0" timestamp="23 Sep 2020 18:18:15 GMT" time="7.396" errors="0">
  <testcase name="verifyAddPayee" time="2.324" classname="testcases.TC002VerifyAddPayee"/>
  <testcase name="verifyAddPayee" time="2.355" classname="testcases.TC002VerifyAddPayee"/>
  <testcase name="verifyAddPayee" time="2.717" classname="testcases.TC002VerifyAddPayee"/>
</testsuite> <!-- testcases.TC002VerifyAddPayee -->
